  Texture.cpp
  Shader.cpp
  Player.cpp
c:\users\redho_000\documents\visual studio 2015\projects\glfwv2\glfwv2\player.cpp(25): warning C4800: 'unsigned int': forcing value to bool 'true' or 'false' (performance warning)
  Mesh.cpp
  main.cpp
c:\users\redho_000\documents\visual studio 2015\projects\glfwv2\glfwv2\globals.h(75): warning C4091: 'static ': ignored on left of 'pow_type' when no variable is declared
c:\users\redho_000\documents\visual studio 2015\projects\glfwv2\glfwv2\pause.h(9): warning C4996: '_sleep': This function or variable has been superceded by newer library or operating system functionality. Consider using Sleep instead. See online help for details.
  c:\program files (x86)\windows kits\10\include\10.0.10240.0\ucrt\stdlib.h(1266): note: see declaration of '_sleep'
c:\users\redho_000\documents\visual studio 2015\projects\glfwv2\glfwv2\pause.h(17): warning C4996: '_sleep': This function or variable has been superceded by newer library or operating system functionality. Consider using Sleep instead. See online help for details.
  c:\program files (x86)\windows kits\10\include\10.0.10240.0\ucrt\stdlib.h(1266): note: see declaration of '_sleep'
c:\users\redho_000\documents\visual studio 2015\projects\glfwv2\glfwv2\input.h(62): warning C4244: '+=': conversion from 'double' to 'float', possible loss of data
c:\users\redho_000\documents\visual studio 2015\projects\glfwv2\glfwv2\input.h(63): warning C4244: '+=': conversion from 'double' to 'float', possible loss of data
c:\users\redho_000\documents\visual studio 2015\projects\glfwv2\glfwv2\input.h(64): warning C4244: '+=': conversion from 'double' to 'float', possible loss of data
c:\users\redho_000\documents\visual studio 2015\projects\glfwv2\glfwv2\input.h(65): warning C4244: '+=': conversion from 'double' to 'float', possible loss of data
c:\users\redho_000\documents\visual studio 2015\projects\glfwv2\glfwv2\input.h(77): warning C4244: '+=': conversion from 'double' to 'float', possible loss of data
c:\users\redho_000\documents\visual studio 2015\projects\glfwv2\glfwv2\input.h(78): warning C4244: '+=': conversion from 'double' to 'float', possible loss of data
c:\users\redho_000\documents\visual studio 2015\projects\glfwv2\glfwv2\input.h(79): warning C4244: '+=': conversion from 'double' to 'float', possible loss of data
c:\users\redho_000\documents\visual studio 2015\projects\glfwv2\glfwv2\input.h(80): warning C4244: '+=': conversion from 'double' to 'float', possible loss of data
c:\users\redho_000\documents\visual studio 2015\projects\glfwv2\glfwv2\input.h(92): warning C4244: '-=': conversion from 'double' to 'float', possible loss of data
c:\users\redho_000\documents\visual studio 2015\projects\glfwv2\glfwv2\input.h(93): warning C4244: '-=': conversion from 'double' to 'float', possible loss of data
c:\users\redho_000\documents\visual studio 2015\projects\glfwv2\glfwv2\input.h(94): warning C4244: '-=': conversion from 'double' to 'float', possible loss of data
c:\users\redho_000\documents\visual studio 2015\projects\glfwv2\glfwv2\input.h(95): warning C4244: '-=': conversion from 'double' to 'float', possible loss of data
c:\users\redho_000\documents\visual studio 2015\projects\glfwv2\glfwv2\input.h(107): warning C4244: '-=': conversion from 'double' to 'float', possible loss of data
c:\users\redho_000\documents\visual studio 2015\projects\glfwv2\glfwv2\input.h(108): warning C4244: '-=': conversion from 'double' to 'float', possible loss of data
c:\users\redho_000\documents\visual studio 2015\projects\glfwv2\glfwv2\input.h(109): warning C4244: '-=': conversion from 'double' to 'float', possible loss of data
c:\users\redho_000\documents\visual studio 2015\projects\glfwv2\glfwv2\input.h(110): warning C4244: '-=': conversion from 'double' to 'float', possible loss of data
c:\users\redho_000\documents\visual studio 2015\projects\glfwv2\glfwv2\input.h(203): warning C4996: '_sleep': This function or variable has been superceded by newer library or operating system functionality. Consider using Sleep instead. See online help for details.
  c:\program files (x86)\windows kits\10\include\10.0.10240.0\ucrt\stdlib.h(1266): note: see declaration of '_sleep'
c:\users\redho_000\documents\visual studio 2015\projects\glfwv2\glfwv2\input.h(380): warning C4018: '<': signed/unsigned mismatch
c:\users\redho_000\documents\visual studio 2015\projects\glfwv2\glfwv2\input.h(377): warning C4996: '_sleep': This function or variable has been superceded by newer library or operating system functionality. Consider using Sleep instead. See online help for details.
  c:\program files (x86)\windows kits\10\include\10.0.10240.0\ucrt\stdlib.h(1266): note: see declaration of '_sleep'
c:\users\redho_000\documents\visual studio 2015\projects\glfwv2\glfwv2\animate.h(14): warning C4244: '-=': conversion from 'double' to 'float', possible loss of data
c:\users\redho_000\documents\visual studio 2015\projects\glfwv2\glfwv2\animate.h(15): warning C4244: '-=': conversion from 'double' to 'float', possible loss of data
c:\users\redho_000\documents\visual studio 2015\projects\glfwv2\glfwv2\animate.h(16): warning C4244: '-=': conversion from 'double' to 'float', possible loss of data
c:\users\redho_000\documents\visual studio 2015\projects\glfwv2\glfwv2\animate.h(17): warning C4244: '-=': conversion from 'double' to 'float', possible loss of data
c:\users\redho_000\documents\visual studio 2015\projects\glfwv2\glfwv2\animate.h(28): warning C4018: '<': signed/unsigned mismatch
c:\users\redho_000\documents\visual studio 2015\projects\glfwv2\glfwv2\animate.h(32): warning C4244: '+=': conversion from 'double' to 'float', possible loss of data
c:\users\redho_000\documents\visual studio 2015\projects\glfwv2\glfwv2\animate.h(33): warning C4244: '+=': conversion from 'double' to 'float', possible loss of data
c:\users\redho_000\documents\visual studio 2015\projects\glfwv2\glfwv2\animate.h(34): warning C4244: '+=': conversion from 'double' to 'float', possible loss of data
c:\users\redho_000\documents\visual studio 2015\projects\glfwv2\glfwv2\animate.h(35): warning C4244: '+=': conversion from 'double' to 'float', possible loss of data
c:\users\redho_000\documents\visual studio 2015\projects\glfwv2\glfwv2\animate.h(44): warning C4018: '<': signed/unsigned mismatch
c:\users\redho_000\documents\visual studio 2015\projects\glfwv2\glfwv2\animate.h(54): warning C4244: '-=': conversion from 'double' to 'float', possible loss of data
c:\users\redho_000\documents\visual studio 2015\projects\glfwv2\glfwv2\animate.h(97): warning C4305: 'initializing': truncation from 'double' to 'float'
c:\users\redho_000\documents\visual studio 2015\projects\glfwv2\glfwv2\animate.h(98): warning C4018: '<': signed/unsigned mismatch
c:\users\redho_000\documents\visual studio 2015\projects\glfwv2\glfwv2\animate.h(108): warning C4244: '+=': conversion from 'double' to 'float', possible loss of data
c:\users\redho_000\documents\visual studio 2015\projects\glfwv2\glfwv2\animate.h(110): warning C4244: '+=': conversion from 'double' to 'float', possible loss of data
c:\users\redho_000\documents\visual studio 2015\projects\glfwv2\glfwv2\animate.h(112): warning C4244: '+=': conversion from 'double' to 'float', possible loss of data
c:\users\redho_000\documents\visual studio 2015\projects\glfwv2\glfwv2\animate.h(114): warning C4244: '+=': conversion from 'double' to 'float', possible loss of data
c:\users\redho_000\documents\visual studio 2015\projects\glfwv2\glfwv2\animate.h(126): warning C4244: '+=': conversion from 'double' to 'float', possible loss of data
c:\users\redho_000\documents\visual studio 2015\projects\glfwv2\glfwv2\animate.h(127): warning C4244: '+=': conversion from 'double' to 'float', possible loss of data
c:\users\redho_000\documents\visual studio 2015\projects\glfwv2\glfwv2\animate.h(128): warning C4244: '+=': conversion from 'double' to 'float', possible loss of data
c:\users\redho_000\documents\visual studio 2015\projects\glfwv2\glfwv2\animate.h(129): warning C4244: '+=': conversion from 'double' to 'float', possible loss of data
c:\users\redho_000\documents\visual studio 2015\projects\glfwv2\glfwv2\animate.h(130): warning C4244: '+=': conversion from 'double' to 'float', possible loss of data
c:\users\redho_000\documents\visual studio 2015\projects\glfwv2\glfwv2\animate.h(131): warning C4244: '+=': conversion from 'double' to 'float', possible loss of data
c:\users\redho_000\documents\visual studio 2015\projects\glfwv2\glfwv2\animate.h(132): warning C4244: '+=': conversion from 'double' to 'float', possible loss of data
c:\users\redho_000\documents\visual studio 2015\projects\glfwv2\glfwv2\animate.h(133): warning C4244: '+=': conversion from 'double' to 'float', possible loss of data
c:\users\redho_000\documents\visual studio 2015\projects\glfwv2\glfwv2\animate.h(174): warning C4305: '+=': truncation from 'double' to 'float'
c:\users\redho_000\documents\visual studio 2015\projects\glfwv2\glfwv2\animate.h(188): warning C4018: '<': signed/unsigned mismatch
c:\users\redho_000\documents\visual studio 2015\projects\glfwv2\glfwv2\animate.h(192): warning C4305: '=': truncation from 'double' to 'float'
c:\users\redho_000\documents\visual studio 2015\projects\glfwv2\glfwv2\animate.h(196): warning C4305: 'argument': truncation from 'double' to 'float'
c:\users\redho_000\documents\visual studio 2015\projects\glfwv2\glfwv2\animate.h(199): warning C4305: '=': truncation from 'double' to 'float'
c:\users\redho_000\documents\visual studio 2015\projects\glfwv2\glfwv2\animate.h(204): warning C4305: '=': truncation from 'double' to 'float'
c:\users\redho_000\documents\visual studio 2015\projects\glfwv2\glfwv2\animate.h(210): warning C4305: '=': truncation from 'double' to 'float'
c:\users\redho_000\documents\visual studio 2015\projects\glfwv2\glfwv2\animate.h(211): warning C4305: '=': truncation from 'double' to 'float'
c:\users\redho_000\documents\visual studio 2015\projects\glfwv2\glfwv2\animate.h(217): warning C4305: '=': truncation from 'double' to 'float'
c:\users\redho_000\documents\visual studio 2015\projects\glfwv2\glfwv2\animate.h(222): warning C4305: '=': truncation from 'double' to 'float'
c:\users\redho_000\documents\visual studio 2015\projects\glfwv2\glfwv2\animate.h(223): warning C4305: '=': truncation from 'double' to 'float'
c:\users\redho_000\documents\visual studio 2015\projects\glfwv2\glfwv2\animate.h(229): warning C4305: '=': truncation from 'double' to 'float'
c:\users\redho_000\documents\visual studio 2015\projects\glfwv2\glfwv2\animate.h(232): warning C4305: 'argument': truncation from 'double' to 'float'
c:\users\redho_000\documents\visual studio 2015\projects\glfwv2\glfwv2\animate.h(234): warning C4305: '=': truncation from 'double' to 'float'
c:\users\redho_000\documents\visual studio 2015\projects\glfwv2\glfwv2\animate.h(235): warning C4305: '=': truncation from 'double' to 'float'
c:\users\redho_000\documents\visual studio 2015\projects\glfwv2\glfwv2\animate.h(257): warning C4018: '<': signed/unsigned mismatch
c:\users\redho_000\documents\visual studio 2015\projects\glfwv2\glfwv2\animate.h(306): warning C4018: '<': signed/unsigned mismatch
c:\users\redho_000\documents\visual studio 2015\projects\glfwv2\glfwv2\animate.h(321): warning C4305: '=': truncation from 'double' to 'float'
c:\users\redho_000\documents\visual studio 2015\projects\glfwv2\glfwv2\animate.h(329): warning C4305: '=': truncation from 'double' to 'float'
c:\users\redho_000\documents\visual studio 2015\projects\glfwv2\glfwv2\animate.h(332): warning C4305: '=': truncation from 'double' to 'float'
c:\users\redho_000\documents\visual studio 2015\projects\glfwv2\glfwv2\animate.h(388): warning C4244: '=': conversion from 'double' to 'float', possible loss of data
c:\users\redho_000\documents\visual studio 2015\projects\glfwv2\glfwv2\animate.h(389): warning C4244: '=': conversion from 'double' to 'float', possible loss of data
c:\users\redho_000\documents\visual studio 2015\projects\glfwv2\glfwv2\animate.h(390): warning C4244: '=': conversion from 'double' to 'float', possible loss of data
c:\users\redho_000\documents\visual studio 2015\projects\glfwv2\glfwv2\animate.h(391): warning C4244: '=': conversion from 'double' to 'float', possible loss of data
c:\users\redho_000\documents\visual studio 2015\projects\glfwv2\glfwv2\animate.h(392): warning C4244: '=': conversion from 'double' to 'float', possible loss of data
c:\users\redho_000\documents\visual studio 2015\projects\glfwv2\glfwv2\animate.h(393): warning C4244: '=': conversion from 'double' to 'float', possible loss of data
c:\users\redho_000\documents\visual studio 2015\projects\glfwv2\glfwv2\animate.h(394): warning C4244: '=': conversion from 'double' to 'float', possible loss of data
c:\users\redho_000\documents\visual studio 2015\projects\glfwv2\glfwv2\animate.h(395): warning C4244: '=': conversion from 'double' to 'float', possible loss of data
c:\users\redho_000\documents\visual studio 2015\projects\glfwv2\glfwv2\animate.h(403): warning C4244: '-=': conversion from 'double' to 'float', possible loss of data
c:\users\redho_000\documents\visual studio 2015\projects\glfwv2\glfwv2\animate.h(404): warning C4244: '-=': conversion from 'double' to 'float', possible loss of data
c:\users\redho_000\documents\visual studio 2015\projects\glfwv2\glfwv2\animate.h(405): warning C4244: '-=': conversion from 'double' to 'float', possible loss of data
c:\users\redho_000\documents\visual studio 2015\projects\glfwv2\glfwv2\animate.h(406): warning C4244: '-=': conversion from 'double' to 'float', possible loss of data
c:\users\redho_000\documents\visual studio 2015\projects\glfwv2\glfwv2\animate.h(430): warning C4305: '-=': truncation from 'double' to 'float'
c:\users\redho_000\documents\visual studio 2015\projects\glfwv2\glfwv2\animate.h(431): warning C4244: '-=': conversion from 'double' to 'float', possible loss of data
c:\users\redho_000\documents\visual studio 2015\projects\glfwv2\glfwv2\animate.h(432): warning C4305: '-=': truncation from 'double' to 'float'
c:\users\redho_000\documents\visual studio 2015\projects\glfwv2\glfwv2\animate.h(433): warning C4244: '-=': conversion from 'double' to 'float', possible loss of data
c:\users\redho_000\documents\visual studio 2015\projects\glfwv2\glfwv2\animate.h(434): warning C4305: '-=': truncation from 'double' to 'float'
c:\users\redho_000\documents\visual studio 2015\projects\glfwv2\glfwv2\animate.h(435): warning C4244: '-=': conversion from 'double' to 'float', possible loss of data
c:\users\redho_000\documents\visual studio 2015\projects\glfwv2\glfwv2\animate.h(436): warning C4305: '-=': truncation from 'double' to 'float'
c:\users\redho_000\documents\visual studio 2015\projects\glfwv2\glfwv2\animate.h(437): warning C4244: '-=': conversion from 'double' to 'float', possible loss of data
c:\users\redho_000\documents\visual studio 2015\projects\glfwv2\glfwv2\animate.h(441): warning C4305: '-=': truncation from 'double' to 'float'
c:\users\redho_000\documents\visual studio 2015\projects\glfwv2\glfwv2\animate.h(442): warning C4244: '-=': conversion from 'double' to 'float', possible loss of data
c:\users\redho_000\documents\visual studio 2015\projects\glfwv2\glfwv2\animate.h(443): warning C4305: '-=': truncation from 'double' to 'float'
c:\users\redho_000\documents\visual studio 2015\projects\glfwv2\glfwv2\animate.h(444): warning C4244: '-=': conversion from 'double' to 'float', possible loss of data
c:\users\redho_000\documents\visual studio 2015\projects\glfwv2\glfwv2\animate.h(445): warning C4305: '-=': truncation from 'double' to 'float'
c:\users\redho_000\documents\visual studio 2015\projects\glfwv2\glfwv2\animate.h(446): warning C4244: '-=': conversion from 'double' to 'float', possible loss of data
c:\users\redho_000\documents\visual studio 2015\projects\glfwv2\glfwv2\animate.h(447): warning C4305: '-=': truncation from 'double' to 'float'
c:\users\redho_000\documents\visual studio 2015\projects\glfwv2\glfwv2\animate.h(448): warning C4244: '-=': conversion from 'double' to 'float', possible loss of data
c:\users\redho_000\documents\visual studio 2015\projects\glfwv2\glfwv2\animate.h(452): warning C4244: '-=': conversion from 'double' to 'float', possible loss of data
c:\users\redho_000\documents\visual studio 2015\projects\glfwv2\glfwv2\animate.h(453): warning C4244: '-=': conversion from 'double' to 'float', possible loss of data
c:\users\redho_000\documents\visual studio 2015\projects\glfwv2\glfwv2\animate.h(454): warning C4244: '-=': conversion from 'double' to 'float', possible loss of data
c:\users\redho_000\documents\visual studio 2015\projects\glfwv2\glfwv2\animate.h(455): warning C4244: '-=': conversion from 'double' to 'float', possible loss of data
c:\users\redho_000\documents\visual studio 2015\projects\glfwv2\glfwv2\animate.h(459): warning C4305: '-=': truncation from 'double' to 'float'
c:\users\redho_000\documents\visual studio 2015\projects\glfwv2\glfwv2\animate.h(460): warning C4244: '-=': conversion from 'double' to 'float', possible loss of data
c:\users\redho_000\documents\visual studio 2015\projects\glfwv2\glfwv2\animate.h(461): warning C4305: '-=': truncation from 'double' to 'float'
c:\users\redho_000\documents\visual studio 2015\projects\glfwv2\glfwv2\animate.h(462): warning C4244: '-=': conversion from 'double' to 'float', possible loss of data
c:\users\redho_000\documents\visual studio 2015\projects\glfwv2\glfwv2\animate.h(463): warning C4305: '-=': truncation from 'double' to 'float'
c:\users\redho_000\documents\visual studio 2015\projects\glfwv2\glfwv2\animate.h(464): warning C4244: '-=': conversion from 'double' to 'float', possible loss of data
c:\users\redho_000\documents\visual studio 2015\projects\glfwv2\glfwv2\animate.h(465): warning C4305: '-=': truncation from 'double' to 'float'
c:\users\redho_000\documents\visual studio 2015\projects\glfwv2\glfwv2\animate.h(466): warning C4244: '-=': conversion from 'double' to 'float', possible loss of data
c:\users\redho_000\documents\visual studio 2015\projects\glfwv2\glfwv2\animate.h(470): warning C4244: '-=': conversion from 'double' to 'float', possible loss of data
c:\users\redho_000\documents\visual studio 2015\projects\glfwv2\glfwv2\animate.h(471): warning C4244: '-=': conversion from 'double' to 'float', possible loss of data
c:\users\redho_000\documents\visual studio 2015\projects\glfwv2\glfwv2\animate.h(472): warning C4244: '-=': conversion from 'double' to 'float', possible loss of data
c:\users\redho_000\documents\visual studio 2015\projects\glfwv2\glfwv2\animate.h(473): warning C4244: '-=': conversion from 'double' to 'float', possible loss of data
c:\users\redho_000\documents\visual studio 2015\projects\glfwv2\glfwv2\animate.h(477): warning C4244: '-=': conversion from 'double' to 'float', possible loss of data
c:\users\redho_000\documents\visual studio 2015\projects\glfwv2\glfwv2\animate.h(478): warning C4305: '+=': truncation from 'double' to 'float'
c:\users\redho_000\documents\visual studio 2015\projects\glfwv2\glfwv2\animate.h(479): warning C4244: '-=': conversion from 'double' to 'float', possible loss of data
c:\users\redho_000\documents\visual studio 2015\projects\glfwv2\glfwv2\animate.h(480): warning C4305: '+=': truncation from 'double' to 'float'
c:\users\redho_000\documents\visual studio 2015\projects\glfwv2\glfwv2\animate.h(481): warning C4244: '-=': conversion from 'double' to 'float', possible loss of data
c:\users\redho_000\documents\visual studio 2015\projects\glfwv2\glfwv2\animate.h(482): warning C4305: '+=': truncation from 'double' to 'float'
c:\users\redho_000\documents\visual studio 2015\projects\glfwv2\glfwv2\animate.h(483): warning C4244: '-=': conversion from 'double' to 'float', possible loss of data
c:\users\redho_000\documents\visual studio 2015\projects\glfwv2\glfwv2\animate.h(484): warning C4305: '+=': truncation from 'double' to 'float'
c:\users\redho_000\documents\visual studio 2015\projects\glfwv2\glfwv2\animate.h(493): warning C4018: '<': signed/unsigned mismatch
c:\users\redho_000\documents\visual studio 2015\projects\glfwv2\glfwv2\animate.h(495): warning C4305: 'initializing': truncation from 'double' to 'float'
c:\users\redho_000\documents\visual studio 2015\projects\glfwv2\glfwv2\animate.h(502): warning C4305: '=': truncation from 'double' to 'float'
c:\users\redho_000\documents\visual studio 2015\projects\glfwv2\glfwv2\animate.h(508): warning C4305: '=': truncation from 'double' to 'float'
c:\users\redho_000\documents\visual studio 2015\projects\glfwv2\glfwv2\animate.h(511): warning C4305: '=': truncation from 'double' to 'float'
c:\users\redho_000\documents\visual studio 2015\projects\glfwv2\glfwv2\animate.h(522): warning C4018: '<': signed/unsigned mismatch
c:\users\redho_000\documents\visual studio 2015\projects\glfwv2\glfwv2\animate.h(550): warning C4018: '<': signed/unsigned mismatch
c:\users\redho_000\documents\visual studio 2015\projects\glfwv2\glfwv2\animate.h(592): warning C4244: '+=': conversion from 'double' to 'float', possible loss of data
c:\users\redho_000\documents\visual studio 2015\projects\glfwv2\glfwv2\animate.h(593): warning C4244: '+=': conversion from 'double' to 'float', possible loss of data
c:\users\redho_000\documents\visual studio 2015\projects\glfwv2\glfwv2\animate.h(594): warning C4244: '+=': conversion from 'double' to 'float', possible loss of data
c:\users\redho_000\documents\visual studio 2015\projects\glfwv2\glfwv2\animate.h(595): warning C4244: '+=': conversion from 'double' to 'float', possible loss of data
c:\users\redho_000\documents\visual studio 2015\projects\glfwv2\glfwv2\animate.h(596): warning C4244: '+=': conversion from 'double' to 'float', possible loss of data
c:\users\redho_000\documents\visual studio 2015\projects\glfwv2\glfwv2\animate.h(597): warning C4244: '+=': conversion from 'double' to 'float', possible loss of data
c:\users\redho_000\documents\visual studio 2015\projects\glfwv2\glfwv2\animate.h(598): warning C4244: '+=': conversion from 'double' to 'float', possible loss of data
c:\users\redho_000\documents\visual studio 2015\projects\glfwv2\glfwv2\animate.h(599): warning C4244: '+=': conversion from 'double' to 'float', possible loss of data
c:\users\redho_000\documents\visual studio 2015\projects\glfwv2\glfwv2\action.h(100): warning C4018: '<': signed/unsigned mismatch
c:\users\redho_000\documents\visual studio 2015\projects\glfwv2\glfwv2\action.h(144): warning C4018: '<': signed/unsigned mismatch
c:\users\redho_000\documents\visual studio 2015\projects\glfwv2\glfwv2\action.h(171): warning C4018: '<': signed/unsigned mismatch
c:\users\redho_000\documents\visual studio 2015\projects\glfwv2\glfwv2\action.h(191): warning C4018: '<': signed/unsigned mismatch
c:\users\redho_000\documents\visual studio 2015\projects\glfwv2\glfwv2\action.h(263): warning C4018: '<': signed/unsigned mismatch
c:\users\redho_000\documents\visual studio 2015\projects\glfwv2\glfwv2\action.h(281): warning C4305: '=': truncation from 'double' to 'float'
c:\users\redho_000\documents\visual studio 2015\projects\glfwv2\glfwv2\action.h(282): warning C4305: '=': truncation from 'double' to 'float'
c:\users\redho_000\documents\visual studio 2015\projects\glfwv2\glfwv2\action.h(286): warning C4305: '=': truncation from 'double' to 'float'
c:\users\redho_000\documents\visual studio 2015\projects\glfwv2\glfwv2\action.h(287): warning C4305: '=': truncation from 'double' to 'float'
c:\users\redho_000\documents\visual studio 2015\projects\glfwv2\glfwv2\action.h(291): warning C4305: '=': truncation from 'double' to 'float'
c:\users\redho_000\documents\visual studio 2015\projects\glfwv2\glfwv2\action.h(292): warning C4305: '=': truncation from 'double' to 'float'
c:\users\redho_000\documents\visual studio 2015\projects\glfwv2\glfwv2\action.h(296): warning C4305: '=': truncation from 'double' to 'float'
c:\users\redho_000\documents\visual studio 2015\projects\glfwv2\glfwv2\action.h(297): warning C4305: '=': truncation from 'double' to 'float'
c:\users\redho_000\documents\visual studio 2015\projects\glfwv2\glfwv2\action.h(307): warning C4018: '<': signed/unsigned mismatch
c:\users\redho_000\documents\visual studio 2015\projects\glfwv2\glfwv2\action.h(209): warning C4996: 'sprintf': This function or variable may be unsafe. Consider using sprintf_s instead. To disable deprecation, use _CRT_SECURE_NO_WARNINGS. See online help for details.
  c:\program files (x86)\windows kits\10\include\10.0.10240.0\ucrt\stdio.h(1769): note: see declaration of 'sprintf'
c:\users\redho_000\documents\visual studio 2015\projects\glfwv2\glfwv2\action.h(350): warning C4018: '<': signed/unsigned mismatch
c:\users\redho_000\documents\visual studio 2015\projects\glfwv2\glfwv2\action.h(393): warning C4018: '<': signed/unsigned mismatch
c:\users\redho_000\documents\visual studio 2015\projects\glfwv2\glfwv2\action.h(411): warning C4018: '<': signed/unsigned mismatch
c:\users\redho_000\documents\visual studio 2015\projects\glfwv2\glfwv2\action.h(454): warning C4018: '<': signed/unsigned mismatch
c:\users\redho_000\documents\visual studio 2015\projects\glfwv2\glfwv2\action.h(472): warning C4018: '<': signed/unsigned mismatch
c:\users\redho_000\documents\visual studio 2015\projects\glfwv2\glfwv2\action.h(515): warning C4018: '<': signed/unsigned mismatch
c:\users\redho_000\documents\visual studio 2015\projects\glfwv2\glfwv2\action.h(533): warning C4018: '<': signed/unsigned mismatch
c:\users\redho_000\documents\visual studio 2015\projects\glfwv2\glfwv2\action.h(576): warning C4018: '<': signed/unsigned mismatch
c:\users\redho_000\documents\visual studio 2015\projects\glfwv2\glfwv2\action.h(599): warning C4018: '<': signed/unsigned mismatch
c:\users\redho_000\documents\visual studio 2015\projects\glfwv2\glfwv2\action.h(642): warning C4018: '<': signed/unsigned mismatch
c:\users\redho_000\documents\visual studio 2015\projects\glfwv2\glfwv2\action.h(664): warning C4018: '<': signed/unsigned mismatch
c:\users\redho_000\documents\visual studio 2015\projects\glfwv2\glfwv2\action.h(705): warning C4018: '<': signed/unsigned mismatch
c:\users\redho_000\documents\visual studio 2015\projects\glfwv2\glfwv2\action.h(723): warning C4018: '<': signed/unsigned mismatch
c:\users\redho_000\documents\visual studio 2015\projects\glfwv2\glfwv2\action.h(764): warning C4018: '<': signed/unsigned mismatch
c:\users\redho_000\documents\visual studio 2015\projects\glfwv2\glfwv2\action.h(817): warning C4018: '<': signed/unsigned mismatch
c:\users\redho_000\documents\visual studio 2015\projects\glfwv2\glfwv2\action.h(827): warning C4018: '<': signed/unsigned mismatch
c:\users\redho_000\documents\visual studio 2015\projects\glfwv2\glfwv2\action.h(837): warning C4018: '<': signed/unsigned mismatch
c:\users\redho_000\documents\visual studio 2015\projects\glfwv2\glfwv2\action.h(850): warning C4018: '<': signed/unsigned mismatch
c:\users\redho_000\documents\visual studio 2015\projects\glfwv2\glfwv2\action.h(861): warning C4018: '<': signed/unsigned mismatch
c:\users\redho_000\documents\visual studio 2015\projects\glfwv2\glfwv2\action.h(878): warning C4018: '<': signed/unsigned mismatch
c:\users\redho_000\documents\visual studio 2015\projects\glfwv2\glfwv2\main.cpp(210): warning C4244: 'argument': conversion from 'time_t' to 'unsigned int', possible loss of data
c:\users\redho_000\documents\visual studio 2015\projects\glfwv2\glfwv2\main.cpp(365): warning C4018: '<': signed/unsigned mismatch
c:\users\redho_000\documents\visual studio 2015\projects\glfwv2\glfwv2\main.cpp(424): warning C4018: '<': signed/unsigned mismatch
c:\users\redho_000\documents\visual studio 2015\projects\glfwv2\glfwv2\main.cpp(560): warning C4018: '<': signed/unsigned mismatch
c:\users\redho_000\documents\visual studio 2015\projects\glfwv2\glfwv2\main.cpp(664): warning C4018: '<': signed/unsigned mismatch
c:\users\redho_000\documents\visual studio 2015\projects\glfwv2\glfwv2\main.cpp(38): warning C4996: '_sleep': This function or variable has been superceded by newer library or operating system functionality. Consider using Sleep instead. See online help for details.
  c:\program files (x86)\windows kits\10\include\10.0.10240.0\ucrt\stdlib.h(1266): note: see declaration of '_sleep'
c:\users\redho_000\documents\visual studio 2015\projects\glfwv2\glfwv2\main.cpp(122): warning C4996: '_sleep': This function or variable has been superceded by newer library or operating system functionality. Consider using Sleep instead. See online help for details.
  c:\program files (x86)\windows kits\10\include\10.0.10240.0\ucrt\stdlib.h(1266): note: see declaration of '_sleep'
c:\users\redho_000\documents\visual studio 2015\projects\glfwv2\glfwv2\main.cpp(127): warning C4996: '_sleep': This function or variable has been superceded by newer library or operating system functionality. Consider using Sleep instead. See online help for details.
  c:\program files (x86)\windows kits\10\include\10.0.10240.0\ucrt\stdlib.h(1266): note: see declaration of '_sleep'
c:\users\redho_000\documents\visual studio 2015\projects\glfwv2\glfwv2\main.cpp(280): warning C4996: '_sleep': This function or variable has been superceded by newer library or operating system functionality. Consider using Sleep instead. See online help for details.
  c:\program files (x86)\windows kits\10\include\10.0.10240.0\ucrt\stdlib.h(1266): note: see declaration of '_sleep'
c:\users\redho_000\documents\visual studio 2015\projects\glfwv2\glfwv2\main.cpp(487): warning C4101: 'powerup': unreferenced local variable
  Display.cpp
c:\users\redho_000\documents\visual studio 2015\projects\glfwv2\glfwv2\display.cpp(25): warning C4800: 'int': forcing value to bool 'true' or 'false' (performance warning)
  Airplane.cpp
  Generating Code...
LINK : warning LNK4098: defaultlib 'MSVCRT' conflicts with use of other libs; use /NODEFAULTLIB:library
  GLFWv2.vcxproj -> C:\Users\redho_000\documents\visual studio 2015\Projects\GLFWv2\Debug\GLFWv2.exe
